[2020-03-12T14:24:13.516] [DEBUG] cheese - login => username:admin,password:123456
[2020-03-12T14:24:13.518] [DEBUG] cheese - admin
[2020-03-12T14:24:13.597] [DEBUG] cheese - null
[2020-03-12T14:24:13.597] [DEBUG] cheese - null
[2020-03-12T15:21:44.532] [DEBUG] cheese - login => username:admin,password:123456
[2020-03-12T15:21:44.534] [DEBUG] cheese - admin
[2020-03-12T15:21:44.947] [DEBUG] cheese - null
[2020-03-12T15:21:44.948] [DEBUG] cheese - null
[2020-03-12T17:32:05.343] [DEBUG] cheese - login => username:郭新宇,password:a8811302
[2020-03-12T17:32:07.867] [DEBUG] cheese - 郭新宇
[2020-03-12T17:32:08.629] [DEBUG] cheese - null
[2020-03-12T17:32:09.120] [DEBUG] cheese - null
[2020-03-12T17:32:28.147] [DEBUG] cheese - login => username:amdin,password:123456
[2020-03-12T17:32:28.147] [DEBUG] cheese - amdin
[2020-03-12T17:32:28.158] [DEBUG] cheese - null
[2020-03-12T17:32:28.158] [DEBUG] cheese - null
[2020-03-12T17:32:41.436] [DEBUG] cheese - login => username:admin,password:123456
[2020-03-12T17:32:41.436] [DEBUG] cheese - admin
[2020-03-12T17:32:41.439] [DEBUG] cheese - null
[2020-03-12T17:32:41.439] [DEBUG] cheese - null
[2020-03-12T17:33:04.232] [DEBUG] cheese - login => username:郭新宇,password:a8811302
[2020-03-12T17:33:04.232] [DEBUG] cheese - 郭新宇
[2020-03-12T17:33:04.236] [DEBUG] cheese - null
[2020-03-12T17:33:04.236] [DEBUG] cheese - null
